{"/Users/pedrogrand/Pedro/UANDES/Verificable/calendar-part-1-TGRaydas/src/index.js": {"path":"/Users/pedrogrand/Pedro/UANDES/Verificable/calendar-part-1-TGRaydas/src/index.js","statementMap":{"0":{"start":{"line":4,"column":18},"end":{"line":4,"column":48}},"1":{"start":{"line":5,"column":12},"end":{"line":5,"column":48}},"2":{"start":{"line":6,"column":18},"end":{"line":6,"column":46}},"3":{"start":{"line":7,"column":17},"end":{"line":7,"column":21}},"4":{"start":{"line":8,"column":12},"end":{"line":8,"column":16}},"5":{"start":{"line":9,"column":17},"end":{"line":9,"column":21}},"6":{"start":{"line":10,"column":0},"end":{"line":15,"column":3}},"7":{"start":{"line":11,"column":1},"end":{"line":11,"column":20}},"8":{"start":{"line":11,"column":10},"end":{"line":11,"column":20}},"9":{"start":{"line":12,"column":11},"end":{"line":12,"column":28}},"10":{"start":{"line":13,"column":1},"end":{"line":13,"column":39}},"11":{"start":{"line":14,"column":1},"end":{"line":14,"column":33}},"12":{"start":{"line":17,"column":39},"end":{"line":17,"column":58}},"13":{"start":{"line":18,"column":13},"end":{"line":18,"column":28}},"14":{"start":{"line":19,"column":12},"end":{"line":19,"column":26}},"15":{"start":{"line":20,"column":12},"end":{"line":20,"column":39}},"16":{"start":{"line":21,"column":17},"end":{"line":21,"column":21}},"17":{"start":{"line":22,"column":19},"end":{"line":22,"column":23}},"18":{"start":{"line":24,"column":0},"end":{"line":26,"column":1}},"19":{"start":{"line":25,"column":1},"end":{"line":25,"column":43}},"20":{"start":{"line":28,"column":19},"end":{"line":41,"column":1}},"21":{"start":{"line":29,"column":1},"end":{"line":33,"column":4}},"22":{"start":{"line":35,"column":1},"end":{"line":40,"column":3}},"23":{"start":{"line":43,"column":0},"end":{"line":43,"column":38}},"24":{"start":{"line":43,"column":22},"end":{"line":43,"column":36}},"25":{"start":{"line":45,"column":0},"end":{"line":47,"column":3}},"26":{"start":{"line":46,"column":1},"end":{"line":46,"column":32}},"27":{"start":{"line":49,"column":0},"end":{"line":64,"column":3}},"28":{"start":{"line":50,"column":1},"end":{"line":50,"column":28}},"29":{"start":{"line":51,"column":1},"end":{"line":63,"column":4}},"30":{"start":{"line":52,"column":2},"end":{"line":62,"column":3}},"31":{"start":{"line":53,"column":3},"end":{"line":55,"column":6}},"32":{"start":{"line":54,"column":4},"end":{"line":54,"column":29}},"33":{"start":{"line":56,"column":9},"end":{"line":62,"column":3}},"34":{"start":{"line":57,"column":3},"end":{"line":59,"column":6}},"35":{"start":{"line":58,"column":4},"end":{"line":58,"column":29}},"36":{"start":{"line":61,"column":3},"end":{"line":61,"column":28}},"37":{"start":{"line":66,"column":0},"end":{"line":73,"column":3}},"38":{"start":{"line":67,"column":1},"end":{"line":67,"column":50}},"39":{"start":{"line":68,"column":1},"end":{"line":68,"column":28}},"40":{"start":{"line":69,"column":1},"end":{"line":72,"column":4}},"41":{"start":{"line":70,"column":2},"end":{"line":70,"column":21}},"42":{"start":{"line":70,"column":11},"end":{"line":70,"column":21}},"43":{"start":{"line":71,"column":2},"end":{"line":71,"column":27}},"44":{"start":{"line":75,"column":0},"end":{"line":94,"column":3}},"45":{"start":{"line":76,"column":20},"end":{"line":76,"column":32}},"46":{"start":{"line":77,"column":13},"end":{"line":77,"column":52}},"47":{"start":{"line":78,"column":1},"end":{"line":78,"column":17}},"48":{"start":{"line":79,"column":1},"end":{"line":88,"column":2}},"49":{"start":{"line":80,"column":2},"end":{"line":80,"column":75}},"50":{"start":{"line":81,"column":2},"end":{"line":81,"column":9}},"51":{"start":{"line":82,"column":8},"end":{"line":88,"column":2}},"52":{"start":{"line":83,"column":2},"end":{"line":83,"column":75}},"53":{"start":{"line":84,"column":2},"end":{"line":84,"column":9}},"54":{"start":{"line":85,"column":8},"end":{"line":88,"column":2}},"55":{"start":{"line":86,"column":2},"end":{"line":86,"column":75}},"56":{"start":{"line":87,"column":2},"end":{"line":87,"column":9}},"57":{"start":{"line":89,"column":1},"end":{"line":89,"column":28}},"58":{"start":{"line":90,"column":1},"end":{"line":93,"column":4}},"59":{"start":{"line":91,"column":2},"end":{"line":91,"column":21}},"60":{"start":{"line":91,"column":11},"end":{"line":91,"column":21}},"61":{"start":{"line":92,"column":2},"end":{"line":92,"column":27}},"62":{"start":{"line":96,"column":0},"end":{"line":129,"column":3}},"63":{"start":{"line":97,"column":14},"end":{"line":97,"column":16}},"64":{"start":{"line":99,"column":1},"end":{"line":128,"column":4}},"65":{"start":{"line":100,"column":2},"end":{"line":102,"column":5}},"66":{"start":{"line":101,"column":3},"end":{"line":101,"column":22}},"67":{"start":{"line":103,"column":2},"end":{"line":127,"column":5}},"68":{"start":{"line":104,"column":3},"end":{"line":109,"column":6}},"69":{"start":{"line":105,"column":4},"end":{"line":108,"column":5}},"70":{"start":{"line":106,"column":5},"end":{"line":106,"column":28}},"71":{"start":{"line":107,"column":5},"end":{"line":107,"column":24}},"72":{"start":{"line":111,"column":3},"end":{"line":126,"column":6}},"73":{"start":{"line":112,"column":4},"end":{"line":115,"column":7}},"74":{"start":{"line":113,"column":5},"end":{"line":113,"column":40}},"75":{"start":{"line":114,"column":5},"end":{"line":114,"column":24}},"76":{"start":{"line":116,"column":4},"end":{"line":125,"column":7}},"77":{"start":{"line":117,"column":5},"end":{"line":123,"column":8}},"78":{"start":{"line":118,"column":6},"end":{"line":122,"column":7}},"79":{"start":{"line":119,"column":7},"end":{"line":119,"column":30}},"80":{"start":{"line":120,"column":7},"end":{"line":120,"column":43}},"81":{"start":{"line":121,"column":7},"end":{"line":121,"column":26}},"82":{"start":{"line":124,"column":5},"end":{"line":124,"column":32}},"83":{"start":{"line":131,"column":0},"end":{"line":135,"column":3}},"84":{"start":{"line":132,"column":1},"end":{"line":134,"column":4}},"85":{"start":{"line":133,"column":2},"end":{"line":133,"column":27}},"86":{"start":{"line":137,"column":0},"end":{"line":140,"column":3}},"87":{"start":{"line":138,"column":1},"end":{"line":138,"column":30}},"88":{"start":{"line":139,"column":1},"end":{"line":139,"column":26}},"89":{"start":{"line":142,"column":0},"end":{"line":149,"column":3}},"90":{"start":{"line":143,"column":1},"end":{"line":148,"column":4}},"91":{"start":{"line":144,"column":22},"end":{"line":146,"column":4}},"92":{"start":{"line":145,"column":3},"end":{"line":145,"column":38}},"93":{"start":{"line":147,"column":2},"end":{"line":147,"column":36}}},"fnMap":{"0":{"name":"(anonymous_0)","decl":{"start":{"line":10,"column":27},"end":{"line":10,"column":28}},"loc":{"start":{"line":10,"column":45},"end":{"line":15,"column":1}},"line":10},"1":{"name":"(anonymous_1)","decl":{"start":{"line":28,"column":19},"end":{"line":28,"column":20}},"loc":{"start":{"line":28,"column":25},"end":{"line":41,"column":1}},"line":28},"2":{"name":"(anonymous_2)","decl":{"start":{"line":43,"column":16},"end":{"line":43,"column":17}},"loc":{"start":{"line":43,"column":22},"end":{"line":43,"column":36}},"line":43},"3":{"name":"(anonymous_3)","decl":{"start":{"line":45,"column":20},"end":{"line":45,"column":21}},"loc":{"start":{"line":45,"column":37},"end":{"line":47,"column":1}},"line":45},"4":{"name":"(anonymous_4)","decl":{"start":{"line":49,"column":17},"end":{"line":49,"column":18}},"loc":{"start":{"line":49,"column":34},"end":{"line":64,"column":1}},"line":49},"5":{"name":"(anonymous_5)","decl":{"start":{"line":51,"column":49},"end":{"line":51,"column":50}},"loc":{"start":{"line":51,"column":63},"end":{"line":63,"column":2}},"line":51},"6":{"name":"(anonymous_6)","decl":{"start":{"line":53,"column":48},"end":{"line":53,"column":49}},"loc":{"start":{"line":53,"column":62},"end":{"line":55,"column":4}},"line":53},"7":{"name":"(anonymous_7)","decl":{"start":{"line":57,"column":48},"end":{"line":57,"column":49}},"loc":{"start":{"line":57,"column":62},"end":{"line":59,"column":4}},"line":57},"8":{"name":"(anonymous_8)","decl":{"start":{"line":66,"column":23},"end":{"line":66,"column":24}},"loc":{"start":{"line":66,"column":46},"end":{"line":73,"column":1}},"line":66},"9":{"name":"(anonymous_9)","decl":{"start":{"line":69,"column":34},"end":{"line":69,"column":35}},"loc":{"start":{"line":69,"column":48},"end":{"line":72,"column":2}},"line":69},"10":{"name":"(anonymous_10)","decl":{"start":{"line":75,"column":21},"end":{"line":75,"column":22}},"loc":{"start":{"line":75,"column":44},"end":{"line":94,"column":1}},"line":75},"11":{"name":"(anonymous_11)","decl":{"start":{"line":90,"column":28},"end":{"line":90,"column":29}},"loc":{"start":{"line":90,"column":42},"end":{"line":93,"column":2}},"line":90},"12":{"name":"(anonymous_12)","decl":{"start":{"line":96,"column":21},"end":{"line":96,"column":22}},"loc":{"start":{"line":96,"column":38},"end":{"line":129,"column":1}},"line":96},"13":{"name":"(anonymous_13)","decl":{"start":{"line":99,"column":51},"end":{"line":99,"column":52}},"loc":{"start":{"line":99,"column":68},"end":{"line":128,"column":2}},"line":99},"14":{"name":"(anonymous_14)","decl":{"start":{"line":100,"column":13},"end":{"line":100,"column":14}},"loc":{"start":{"line":100,"column":24},"end":{"line":102,"column":3}},"line":100},"15":{"name":"(anonymous_15)","decl":{"start":{"line":103,"column":30},"end":{"line":103,"column":31}},"loc":{"start":{"line":103,"column":47},"end":{"line":127,"column":3}},"line":103},"16":{"name":"(anonymous_16)","decl":{"start":{"line":104,"column":14},"end":{"line":104,"column":15}},"loc":{"start":{"line":104,"column":25},"end":{"line":109,"column":4}},"line":104},"17":{"name":"(anonymous_17)","decl":{"start":{"line":111,"column":55},"end":{"line":111,"column":56}},"loc":{"start":{"line":111,"column":72},"end":{"line":126,"column":4}},"line":111},"18":{"name":"(anonymous_18)","decl":{"start":{"line":112,"column":15},"end":{"line":112,"column":16}},"loc":{"start":{"line":112,"column":26},"end":{"line":115,"column":5}},"line":112},"19":{"name":"(anonymous_19)","decl":{"start":{"line":116,"column":32},"end":{"line":116,"column":33}},"loc":{"start":{"line":116,"column":49},"end":{"line":125,"column":5}},"line":116},"20":{"name":"(anonymous_20)","decl":{"start":{"line":117,"column":16},"end":{"line":117,"column":17}},"loc":{"start":{"line":117,"column":27},"end":{"line":123,"column":6}},"line":117},"21":{"name":"(anonymous_21)","decl":{"start":{"line":131,"column":23},"end":{"line":131,"column":24}},"loc":{"start":{"line":131,"column":40},"end":{"line":135,"column":1}},"line":131},"22":{"name":"(anonymous_22)","decl":{"start":{"line":132,"column":44},"end":{"line":132,"column":45}},"loc":{"start":{"line":132,"column":50},"end":{"line":134,"column":2}},"line":132},"23":{"name":"(anonymous_23)","decl":{"start":{"line":137,"column":28},"end":{"line":137,"column":29}},"loc":{"start":{"line":137,"column":45},"end":{"line":140,"column":1}},"line":137},"24":{"name":"(anonymous_24)","decl":{"start":{"line":142,"column":20},"end":{"line":142,"column":21}},"loc":{"start":{"line":142,"column":31},"end":{"line":149,"column":1}},"line":142},"25":{"name":"(anonymous_25)","decl":{"start":{"line":143,"column":24},"end":{"line":143,"column":25}},"loc":{"start":{"line":143,"column":41},"end":{"line":148,"column":2}},"line":143},"26":{"name":"(anonymous_26)","decl":{"start":{"line":144,"column":36},"end":{"line":144,"column":37}},"loc":{"start":{"line":144,"column":46},"end":{"line":146,"column":3}},"line":144}},"branchMap":{"0":{"loc":{"start":{"line":11,"column":1},"end":{"line":11,"column":20}},"type":"if","locations":[{"start":{"line":11,"column":1},"end":{"line":11,"column":20}},{"start":{"line":11,"column":1},"end":{"line":11,"column":20}}],"line":11},"1":{"loc":{"start":{"line":24,"column":0},"end":{"line":26,"column":1}},"type":"if","locations":[{"start":{"line":24,"column":0},"end":{"line":26,"column":1}},{"start":{"line":24,"column":0},"end":{"line":26,"column":1}}],"line":24},"2":{"loc":{"start":{"line":52,"column":2},"end":{"line":62,"column":3}},"type":"if","locations":[{"start":{"line":52,"column":2},"end":{"line":62,"column":3}},{"start":{"line":52,"column":2},"end":{"line":62,"column":3}}],"line":52},"3":{"loc":{"start":{"line":56,"column":9},"end":{"line":62,"column":3}},"type":"if","locations":[{"start":{"line":56,"column":9},"end":{"line":62,"column":3}},{"start":{"line":56,"column":9},"end":{"line":62,"column":3}}],"line":56},"4":{"loc":{"start":{"line":70,"column":2},"end":{"line":70,"column":21}},"type":"if","locations":[{"start":{"line":70,"column":2},"end":{"line":70,"column":21}},{"start":{"line":70,"column":2},"end":{"line":70,"column":21}}],"line":70},"5":{"loc":{"start":{"line":79,"column":1},"end":{"line":88,"column":2}},"type":"if","locations":[{"start":{"line":79,"column":1},"end":{"line":88,"column":2}},{"start":{"line":79,"column":1},"end":{"line":88,"column":2}}],"line":79},"6":{"loc":{"start":{"line":82,"column":8},"end":{"line":88,"column":2}},"type":"if","locations":[{"start":{"line":82,"column":8},"end":{"line":88,"column":2}},{"start":{"line":82,"column":8},"end":{"line":88,"column":2}}],"line":82},"7":{"loc":{"start":{"line":85,"column":8},"end":{"line":88,"column":2}},"type":"if","locations":[{"start":{"line":85,"column":8},"end":{"line":88,"column":2}},{"start":{"line":85,"column":8},"end":{"line":88,"column":2}}],"line":85},"8":{"loc":{"start":{"line":85,"column":12},"end":{"line":85,"column":54}},"type":"binary-expr","locations":[{"start":{"line":85,"column":12},"end":{"line":85,"column":32}},{"start":{"line":85,"column":36},"end":{"line":85,"column":54}}],"line":85},"9":{"loc":{"start":{"line":91,"column":2},"end":{"line":91,"column":21}},"type":"if","locations":[{"start":{"line":91,"column":2},"end":{"line":91,"column":21}},{"start":{"line":91,"column":2},"end":{"line":91,"column":21}}],"line":91},"10":{"loc":{"start":{"line":105,"column":4},"end":{"line":108,"column":5}},"type":"if","locations":[{"start":{"line":105,"column":4},"end":{"line":108,"column":5}},{"start":{"line":105,"column":4},"end":{"line":108,"column":5}}],"line":105},"11":{"loc":{"start":{"line":118,"column":6},"end":{"line":122,"column":7}},"type":"if","locations":[{"start":{"line":118,"column":6},"end":{"line":122,"column":7}},{"start":{"line":118,"column":6},"end":{"line":122,"column":7}}],"line":118}},"s":{"0":0,"1":0,"2":0,"3":0,"4":0,"5":0,"6":0,"7":0,"8":0,"9":0,"10":0,"11":0,"12":0,"13":0,"14":0,"15":0,"16":0,"17":0,"18":0,"19":0,"20":0,"21":0,"22":0,"23":0,"24":0,"25":0,"26":0,"27":0,"28":0,"29":0,"30":0,"31":0,"32":0,"33":0,"34":0,"35":0,"36":0,"37":0,"38":0,"39":0,"40":0,"41":0,"42":0,"43":0,"44":0,"45":0,"46":0,"47":0,"48":0,"49":0,"50":0,"51":0,"52":0,"53":0,"54":0,"55":0,"56":0,"57":0,"58":0,"59":0,"60":0,"61":0,"62":0,"63":0,"64":0,"65":0,"66":0,"67":0,"68":0,"69":0,"70":0,"71":0,"72":0,"73":0,"74":0,"75":0,"76":0,"77":0,"78":0,"79":0,"80":0,"81":0,"82":0,"83":0,"84":0,"85":0,"86":0,"87":0,"88":0,"89":0,"90":0,"91":0,"92":0,"93":0},"f":{"0":0,"1":0,"2":0,"3":0,"4":0,"5":0,"6":0,"7":0,"8":0,"9":0,"10":0,"11":0,"12":0,"13":0,"14":0,"15":0,"16":0,"17":0,"18":0,"19":0,"20":0,"21":0,"22":0,"23":0,"24":0,"25":0,"26":0},"b":{"0":[0,0],"1":[0,0],"2":[0,0],"3":[0,0],"4":[0,0],"5":[0,0],"6":[0,0],"7":[0,0],"8":[0,0],"9":[0,0],"10":[0,0],"11":[0,0]}}
,"/Users/pedrogrand/Pedro/UANDES/Verificable/calendar-part-1-TGRaydas/src/js/addEvent.js": {"path":"/Users/pedrogrand/Pedro/UANDES/Verificable/calendar-part-1-TGRaydas/src/js/addEvent.js","statementMap":{"0":{"start":{"line":1,"column":18},"end":{"line":1,"column":44}},"1":{"start":{"line":2,"column":12},"end":{"line":2,"column":43}},"2":{"start":{"line":3,"column":13},"end":{"line":3,"column":15}},"3":{"start":{"line":4,"column":12},"end":{"line":4,"column":14}},"4":{"start":{"line":5,"column":19},"end":{"line":5,"column":21}},"5":{"start":{"line":6,"column":15},"end":{"line":9,"column":1}},"6":{"start":{"line":7,"column":1},"end":{"line":7,"column":35}},"7":{"start":{"line":8,"column":1},"end":{"line":8,"column":14}},"8":{"start":{"line":11,"column":17},"end":{"line":23,"column":1}},"9":{"start":{"line":12,"column":1},"end":{"line":12,"column":26}},"10":{"start":{"line":13,"column":1},"end":{"line":13,"column":64}},"11":{"start":{"line":14,"column":1},"end":{"line":14,"column":65}},"12":{"start":{"line":15,"column":1},"end":{"line":15,"column":55}},"13":{"start":{"line":16,"column":1},"end":{"line":16,"column":64}},"14":{"start":{"line":17,"column":1},"end":{"line":17,"column":62}},"15":{"start":{"line":18,"column":1},"end":{"line":18,"column":65}},"16":{"start":{"line":19,"column":1},"end":{"line":19,"column":71}},"17":{"start":{"line":20,"column":1},"end":{"line":22,"column":4}},"18":{"start":{"line":21,"column":2},"end":{"line":21,"column":26}},"19":{"start":{"line":25,"column":25},"end":{"line":45,"column":1}},"20":{"start":{"line":26,"column":1},"end":{"line":26,"column":26}},"21":{"start":{"line":27,"column":1},"end":{"line":35,"column":4}},"22":{"start":{"line":28,"column":2},"end":{"line":34,"column":5}},"23":{"start":{"line":29,"column":3},"end":{"line":29,"column":24}},"24":{"start":{"line":30,"column":3},"end":{"line":30,"column":47}},"25":{"start":{"line":30,"column":40},"end":{"line":30,"column":47}},"26":{"start":{"line":31,"column":3},"end":{"line":31,"column":70}},"27":{"start":{"line":32,"column":3},"end":{"line":32,"column":71}},"28":{"start":{"line":33,"column":3},"end":{"line":33,"column":100}},"29":{"start":{"line":36,"column":1},"end":{"line":44,"column":4}},"30":{"start":{"line":37,"column":2},"end":{"line":43,"column":5}},"31":{"start":{"line":38,"column":3},"end":{"line":38,"column":47}},"32":{"start":{"line":38,"column":40},"end":{"line":38,"column":47}},"33":{"start":{"line":39,"column":3},"end":{"line":39,"column":24}},"34":{"start":{"line":40,"column":3},"end":{"line":40,"column":70}},"35":{"start":{"line":41,"column":3},"end":{"line":41,"column":71}},"36":{"start":{"line":42,"column":3},"end":{"line":42,"column":100}},"37":{"start":{"line":47,"column":33},"end":{"line":60,"column":1}},"38":{"start":{"line":48,"column":24},"end":{"line":48,"column":31}},"39":{"start":{"line":49,"column":1},"end":{"line":49,"column":20}},"40":{"start":{"line":50,"column":1},"end":{"line":59,"column":4}},"41":{"start":{"line":51,"column":2},"end":{"line":53,"column":3}},"42":{"start":{"line":52,"column":3},"end":{"line":52,"column":10}},"43":{"start":{"line":54,"column":2},"end":{"line":58,"column":5}},"44":{"start":{"line":55,"column":3},"end":{"line":55,"column":70}},"45":{"start":{"line":56,"column":15},"end":{"line":56,"column":44}},"46":{"start":{"line":57,"column":3},"end":{"line":57,"column":44}},"47":{"start":{"line":62,"column":15},"end":{"line":77,"column":1}},"48":{"start":{"line":63,"column":1},"end":{"line":63,"column":26}},"49":{"start":{"line":64,"column":1},"end":{"line":64,"column":72}},"50":{"start":{"line":65,"column":1},"end":{"line":65,"column":71}},"51":{"start":{"line":66,"column":1},"end":{"line":66,"column":58}},"52":{"start":{"line":67,"column":1},"end":{"line":67,"column":77}},"53":{"start":{"line":68,"column":1},"end":{"line":68,"column":73}},"54":{"start":{"line":69,"column":1},"end":{"line":69,"column":74}},"55":{"start":{"line":70,"column":1},"end":{"line":70,"column":86}},"56":{"start":{"line":71,"column":1},"end":{"line":71,"column":30}},"57":{"start":{"line":72,"column":1},"end":{"line":76,"column":4}},"58":{"start":{"line":73,"column":2},"end":{"line":75,"column":3}},"59":{"start":{"line":74,"column":3},"end":{"line":74,"column":26}},"60":{"start":{"line":79,"column":16},"end":{"line":114,"column":1}},"61":{"start":{"line":80,"column":12},"end":{"line":80,"column":69}},"62":{"start":{"line":81,"column":17},"end":{"line":81,"column":74}},"63":{"start":{"line":82,"column":15},"end":{"line":82,"column":70}},"64":{"start":{"line":83,"column":13},"end":{"line":83,"column":71}},"65":{"start":{"line":84,"column":19},"end":{"line":84,"column":83}},"66":{"start":{"line":85,"column":18},"end":{"line":85,"column":99}},"67":{"start":{"line":86,"column":14},"end":{"line":86,"column":72}},"68":{"start":{"line":87,"column":18},"end":{"line":87,"column":24}},"69":{"start":{"line":88,"column":20},"end":{"line":88,"column":28}},"70":{"start":{"line":89,"column":1},"end":{"line":113,"column":2}},"71":{"start":{"line":90,"column":2},"end":{"line":98,"column":5}},"72":{"start":{"line":99,"column":2},"end":{"line":99,"column":27}},"73":{"start":{"line":100,"column":8},"end":{"line":113,"column":2}},"74":{"start":{"line":101,"column":16},"end":{"line":101,"column":64}},"75":{"start":{"line":102,"column":2},"end":{"line":111,"column":5}},"76":{"start":{"line":112,"column":2},"end":{"line":112,"column":27}},"77":{"start":{"line":116,"column":18},"end":{"line":122,"column":1}},"78":{"start":{"line":117,"column":15},"end":{"line":117,"column":63}},"79":{"start":{"line":118,"column":1},"end":{"line":120,"column":4}},"80":{"start":{"line":121,"column":1},"end":{"line":121,"column":26}},"81":{"start":{"line":124,"column":19},"end":{"line":132,"column":1}},"82":{"start":{"line":125,"column":17},"end":{"line":125,"column":19}},"83":{"start":{"line":126,"column":1},"end":{"line":130,"column":4}},"84":{"start":{"line":127,"column":16},"end":{"line":128,"column":69}},"85":{"start":{"line":129,"column":2},"end":{"line":129,"column":26}},"86":{"start":{"line":131,"column":1},"end":{"line":131,"column":18}},"87":{"start":{"line":134,"column":21},"end":{"line":152,"column":1}},"88":{"start":{"line":135,"column":1},"end":{"line":135,"column":12}},"89":{"start":{"line":136,"column":1},"end":{"line":136,"column":62}},"90":{"start":{"line":137,"column":17},"end":{"line":137,"column":36}},"91":{"start":{"line":138,"column":1},"end":{"line":140,"column":4}},"92":{"start":{"line":139,"column":2},"end":{"line":139,"column":69}},"93":{"start":{"line":141,"column":1},"end":{"line":151,"column":4}},"94":{"start":{"line":142,"column":2},"end":{"line":150,"column":5}},"95":{"start":{"line":143,"column":3},"end":{"line":149,"column":4}},"96":{"start":{"line":144,"column":4},"end":{"line":144,"column":56}},"97":{"start":{"line":146,"column":4},"end":{"line":148,"column":7}},"98":{"start":{"line":147,"column":5},"end":{"line":147,"column":54}},"99":{"start":{"line":154,"column":28},"end":{"line":167,"column":1}},"100":{"start":{"line":155,"column":13},"end":{"line":155,"column":55}},"101":{"start":{"line":156,"column":1},"end":{"line":159,"column":4}},"102":{"start":{"line":157,"column":2},"end":{"line":157,"column":40}},"103":{"start":{"line":158,"column":2},"end":{"line":158,"column":36}},"104":{"start":{"line":160,"column":1},"end":{"line":163,"column":4}},"105":{"start":{"line":161,"column":2},"end":{"line":161,"column":38}},"106":{"start":{"line":162,"column":2},"end":{"line":162,"column":31}},"107":{"start":{"line":164,"column":1},"end":{"line":166,"column":4}},"108":{"start":{"line":165,"column":2},"end":{"line":165,"column":31}},"109":{"start":{"line":169,"column":0},"end":{"line":175,"column":2}}},"fnMap":{"0":{"name":"(anonymous_0)","decl":{"start":{"line":6,"column":15},"end":{"line":6,"column":16}},"loc":{"start":{"line":6,"column":21},"end":{"line":9,"column":1}},"line":6},"1":{"name":"(anonymous_1)","decl":{"start":{"line":11,"column":17},"end":{"line":11,"column":18}},"loc":{"start":{"line":11,"column":31},"end":{"line":23,"column":1}},"line":11},"2":{"name":"(anonymous_2)","decl":{"start":{"line":20,"column":75},"end":{"line":20,"column":76}},"loc":{"start":{"line":20,"column":88},"end":{"line":22,"column":2}},"line":20},"3":{"name":"(anonymous_3)","decl":{"start":{"line":25,"column":25},"end":{"line":25,"column":26}},"loc":{"start":{"line":25,"column":39},"end":{"line":45,"column":1}},"line":25},"4":{"name":"(anonymous_4)","decl":{"start":{"line":27,"column":73},"end":{"line":27,"column":74}},"loc":{"start":{"line":27,"column":86},"end":{"line":35,"column":2}},"line":27},"5":{"name":"(anonymous_5)","decl":{"start":{"line":28,"column":36},"end":{"line":28,"column":37}},"loc":{"start":{"line":28,"column":47},"end":{"line":34,"column":3}},"line":28},"6":{"name":"(anonymous_6)","decl":{"start":{"line":36,"column":72},"end":{"line":36,"column":73}},"loc":{"start":{"line":36,"column":85},"end":{"line":44,"column":2}},"line":36},"7":{"name":"(anonymous_7)","decl":{"start":{"line":37,"column":36},"end":{"line":37,"column":37}},"loc":{"start":{"line":37,"column":47},"end":{"line":43,"column":3}},"line":37},"8":{"name":"(anonymous_8)","decl":{"start":{"line":47,"column":33},"end":{"line":47,"column":34}},"loc":{"start":{"line":47,"column":58},"end":{"line":60,"column":1}},"line":47},"9":{"name":"(anonymous_9)","decl":{"start":{"line":50,"column":67},"end":{"line":50,"column":68}},"loc":{"start":{"line":50,"column":80},"end":{"line":59,"column":2}},"line":50},"10":{"name":"(anonymous_10)","decl":{"start":{"line":54,"column":36},"end":{"line":54,"column":37}},"loc":{"start":{"line":54,"column":47},"end":{"line":58,"column":3}},"line":54},"11":{"name":"(anonymous_11)","decl":{"start":{"line":62,"column":15},"end":{"line":62,"column":16}},"loc":{"start":{"line":62,"column":43},"end":{"line":77,"column":1}},"line":62},"12":{"name":"(anonymous_12)","decl":{"start":{"line":72,"column":75},"end":{"line":72,"column":76}},"loc":{"start":{"line":72,"column":88},"end":{"line":76,"column":2}},"line":72},"13":{"name":"(anonymous_13)","decl":{"start":{"line":79,"column":16},"end":{"line":79,"column":17}},"loc":{"start":{"line":79,"column":46},"end":{"line":114,"column":1}},"line":79},"14":{"name":"(anonymous_14)","decl":{"start":{"line":116,"column":18},"end":{"line":116,"column":19}},"loc":{"start":{"line":116,"column":48},"end":{"line":122,"column":1}},"line":116},"15":{"name":"(anonymous_15)","decl":{"start":{"line":124,"column":19},"end":{"line":124,"column":20}},"loc":{"start":{"line":124,"column":30},"end":{"line":132,"column":1}},"line":124},"16":{"name":"(anonymous_16)","decl":{"start":{"line":126,"column":11},"end":{"line":126,"column":12}},"loc":{"start":{"line":126,"column":21},"end":{"line":130,"column":2}},"line":126},"17":{"name":"(anonymous_17)","decl":{"start":{"line":134,"column":21},"end":{"line":134,"column":22}},"loc":{"start":{"line":134,"column":35},"end":{"line":152,"column":1}},"line":134},"18":{"name":"(anonymous_18)","decl":{"start":{"line":138,"column":15},"end":{"line":138,"column":16}},"loc":{"start":{"line":138,"column":28},"end":{"line":140,"column":2}},"line":138},"19":{"name":"(anonymous_19)","decl":{"start":{"line":141,"column":75},"end":{"line":141,"column":76}},"loc":{"start":{"line":141,"column":88},"end":{"line":151,"column":2}},"line":141},"20":{"name":"(anonymous_20)","decl":{"start":{"line":142,"column":37},"end":{"line":142,"column":38}},"loc":{"start":{"line":142,"column":43},"end":{"line":150,"column":3}},"line":142},"21":{"name":"(anonymous_21)","decl":{"start":{"line":146,"column":39},"end":{"line":146,"column":40}},"loc":{"start":{"line":146,"column":50},"end":{"line":148,"column":5}},"line":146},"22":{"name":"(anonymous_22)","decl":{"start":{"line":154,"column":28},"end":{"line":154,"column":29}},"loc":{"start":{"line":154,"column":58},"end":{"line":167,"column":1}},"line":154},"23":{"name":"(anonymous_23)","decl":{"start":{"line":156,"column":82},"end":{"line":156,"column":83}},"loc":{"start":{"line":156,"column":88},"end":{"line":159,"column":2}},"line":156},"24":{"name":"(anonymous_24)","decl":{"start":{"line":160,"column":69},"end":{"line":160,"column":70}},"loc":{"start":{"line":160,"column":75},"end":{"line":163,"column":2}},"line":160},"25":{"name":"(anonymous_25)","decl":{"start":{"line":164,"column":70},"end":{"line":164,"column":71}},"loc":{"start":{"line":164,"column":76},"end":{"line":166,"column":2}},"line":164}},"branchMap":{"0":{"loc":{"start":{"line":30,"column":3},"end":{"line":30,"column":47}},"type":"if","locations":[{"start":{"line":30,"column":3},"end":{"line":30,"column":47}},{"start":{"line":30,"column":3},"end":{"line":30,"column":47}}],"line":30},"1":{"loc":{"start":{"line":38,"column":3},"end":{"line":38,"column":47}},"type":"if","locations":[{"start":{"line":38,"column":3},"end":{"line":38,"column":47}},{"start":{"line":38,"column":3},"end":{"line":38,"column":47}}],"line":38},"2":{"loc":{"start":{"line":51,"column":2},"end":{"line":53,"column":3}},"type":"if","locations":[{"start":{"line":51,"column":2},"end":{"line":53,"column":3}},{"start":{"line":51,"column":2},"end":{"line":53,"column":3}}],"line":51},"3":{"loc":{"start":{"line":73,"column":2},"end":{"line":75,"column":3}},"type":"if","locations":[{"start":{"line":73,"column":2},"end":{"line":75,"column":3}},{"start":{"line":73,"column":2},"end":{"line":75,"column":3}}],"line":73},"4":{"loc":{"start":{"line":89,"column":1},"end":{"line":113,"column":2}},"type":"if","locations":[{"start":{"line":89,"column":1},"end":{"line":113,"column":2}},{"start":{"line":89,"column":1},"end":{"line":113,"column":2}}],"line":89},"5":{"loc":{"start":{"line":100,"column":8},"end":{"line":113,"column":2}},"type":"if","locations":[{"start":{"line":100,"column":8},"end":{"line":113,"column":2}},{"start":{"line":100,"column":8},"end":{"line":113,"column":2}}],"line":100},"6":{"loc":{"start":{"line":143,"column":3},"end":{"line":149,"column":4}},"type":"if","locations":[{"start":{"line":143,"column":3},"end":{"line":149,"column":4}},{"start":{"line":143,"column":3},"end":{"line":149,"column":4}}],"line":143}},"s":{"0":4,"1":4,"2":4,"3":4,"4":4,"5":4,"6":0,"7":0,"8":4,"9":0,"10":0,"11":0,"12":0,"13":0,"14":0,"15":0,"16":0,"17":0,"18":0,"19":4,"20":0,"21":0,"22":0,"23":0,"24":0,"25":0,"26":0,"27":0,"28":0,"29":0,"30":0,"31":0,"32":0,"33":0,"34":0,"35":0,"36":0,"37":4,"38":0,"39":0,"40":0,"41":0,"42":0,"43":0,"44":0,"45":0,"46":0,"47":4,"48":0,"49":0,"50":0,"51":0,"52":0,"53":0,"54":0,"55":0,"56":0,"57":0,"58":0,"59":0,"60":4,"61":0,"62":0,"63":0,"64":0,"65":0,"66":0,"67":0,"68":0,"69":0,"70":0,"71":0,"72":0,"73":0,"74":0,"75":0,"76":0,"77":4,"78":0,"79":0,"80":0,"81":4,"82":1,"83":1,"84":2,"85":2,"86":1,"87":4,"88":0,"89":0,"90":0,"91":0,"92":0,"93":0,"94":0,"95":0,"96":0,"97":0,"98":0,"99":4,"100":0,"101":0,"102":0,"103":0,"104":0,"105":0,"106":0,"107":0,"108":0,"109":4},"f":{"0":0,"1":0,"2":0,"3":0,"4":0,"5":0,"6":0,"7":0,"8":0,"9":0,"10":0,"11":0,"12":0,"13":0,"14":0,"15":1,"16":2,"17":0,"18":0,"19":0,"20":0,"21":0,"22":0,"23":0,"24":0,"25":0},"b":{"0":[0,0],"1":[0,0],"2":[0,0],"3":[0,0],"4":[0,0],"5":[0,0],"6":[0,0]},"_coverageSchema":"1a1c01bbd47fc00a2c39e90264f33305004495a9","hash":"9aa0e48d92cdddc322b55186ccbf63307677af84"}
,"/Users/pedrogrand/Pedro/UANDES/Verificable/calendar-part-1-TGRaydas/src/js/calendarConst.js": {"path":"/Users/pedrogrand/Pedro/UANDES/Verificable/calendar-part-1-TGRaydas/src/js/calendarConst.js","statementMap":{"0":{"start":{"line":1,"column":19},"end":{"line":1,"column":28}},"1":{"start":{"line":2,"column":19},"end":{"line":2,"column":29}},"2":{"start":{"line":3,"column":19},"end":{"line":3,"column":26}},"3":{"start":{"line":4,"column":19},"end":{"line":4,"column":26}},"4":{"start":{"line":5,"column":19},"end":{"line":5,"column":24}},"5":{"start":{"line":6,"column":19},"end":{"line":6,"column":25}},"6":{"start":{"line":7,"column":19},"end":{"line":7,"column":25}},"7":{"start":{"line":8,"column":19},"end":{"line":8,"column":27}},"8":{"start":{"line":9,"column":19},"end":{"line":9,"column":30}},"9":{"start":{"line":10,"column":19},"end":{"line":10,"column":28}},"10":{"start":{"line":11,"column":19},"end":{"line":11,"column":29}},"11":{"start":{"line":12,"column":19},"end":{"line":12,"column":29}},"12":{"start":{"line":15,"column":17},"end":{"line":15,"column":22}},"13":{"start":{"line":16,"column":17},"end":{"line":16,"column":22}},"14":{"start":{"line":17,"column":19},"end":{"line":17,"column":22}},"15":{"start":{"line":19,"column":22},"end":{"line":19,"column":25}},"16":{"start":{"line":20,"column":19},"end":{"line":33,"column":1}},"17":{"start":{"line":36,"column":18},"end":{"line":36,"column":19}},"18":{"start":{"line":37,"column":18},"end":{"line":37,"column":19}},"19":{"start":{"line":38,"column":18},"end":{"line":38,"column":19}},"20":{"start":{"line":39,"column":18},"end":{"line":39,"column":19}},"21":{"start":{"line":40,"column":18},"end":{"line":40,"column":19}},"22":{"start":{"line":41,"column":18},"end":{"line":41,"column":19}},"23":{"start":{"line":42,"column":18},"end":{"line":42,"column":19}},"24":{"start":{"line":44,"column":18},"end":{"line":52,"column":1}},"25":{"start":{"line":54,"column":0},"end":{"line":63,"column":1}}},"fnMap":{},"branchMap":{},"s":{"0":3,"1":3,"2":3,"3":3,"4":3,"5":3,"6":3,"7":3,"8":3,"9":3,"10":3,"11":3,"12":3,"13":3,"14":3,"15":3,"16":3,"17":3,"18":3,"19":3,"20":3,"21":3,"22":3,"23":3,"24":3,"25":3},"f":{},"b":{},"_coverageSchema":"1a1c01bbd47fc00a2c39e90264f33305004495a9","hash":"ee82750582a40c7c6cf51dbe21eb4b06c47cc7ce"}
,"/Users/pedrogrand/Pedro/UANDES/Verificable/calendar-part-1-TGRaydas/src/js/login.js": {"path":"/Users/pedrogrand/Pedro/UANDES/Verificable/calendar-part-1-TGRaydas/src/js/login.js","statementMap":{"0":{"start":{"line":1,"column":18},"end":{"line":1,"column":44}},"1":{"start":{"line":2,"column":12},"end":{"line":2,"column":43}},"2":{"start":{"line":4,"column":26},"end":{"line":13,"column":1}},"3":{"start":{"line":5,"column":17},"end":{"line":5,"column":24}},"4":{"start":{"line":6,"column":24},"end":{"line":6,"column":81}},"5":{"start":{"line":7,"column":1},"end":{"line":7,"column":31}},"6":{"start":{"line":8,"column":1},"end":{"line":12,"column":2}},"7":{"start":{"line":9,"column":2},"end":{"line":9,"column":93}},"8":{"start":{"line":11,"column":2},"end":{"line":11,"column":73}},"9":{"start":{"line":15,"column":21},"end":{"line":20,"column":1}},"10":{"start":{"line":16,"column":24},"end":{"line":16,"column":81}},"11":{"start":{"line":17,"column":1},"end":{"line":17,"column":92}},"12":{"start":{"line":18,"column":1},"end":{"line":18,"column":78}},"13":{"start":{"line":19,"column":1},"end":{"line":19,"column":28}},"14":{"start":{"line":22,"column":26},"end":{"line":26,"column":1}},"15":{"start":{"line":23,"column":1},"end":{"line":25,"column":4}},"16":{"start":{"line":24,"column":2},"end":{"line":24,"column":88}},"17":{"start":{"line":24,"column":47},"end":{"line":24,"column":86}},"18":{"start":{"line":28,"column":21},"end":{"line":31,"column":1}},"19":{"start":{"line":29,"column":19},"end":{"line":29,"column":41}},"20":{"start":{"line":30,"column":1},"end":{"line":30,"column":20}},"21":{"start":{"line":33,"column":12},"end":{"line":39,"column":1}},"22":{"start":{"line":34,"column":1},"end":{"line":34,"column":76}},"23":{"start":{"line":35,"column":1},"end":{"line":35,"column":80}},"24":{"start":{"line":36,"column":16},"end":{"line":36,"column":72}},"25":{"start":{"line":37,"column":1},"end":{"line":37,"column":50}},"26":{"start":{"line":38,"column":1},"end":{"line":38,"column":28}},"27":{"start":{"line":41,"column":0},"end":{"line":46,"column":2}}},"fnMap":{"0":{"name":"(anonymous_0)","decl":{"start":{"line":4,"column":26},"end":{"line":4,"column":27}},"loc":{"start":{"line":4,"column":40},"end":{"line":13,"column":1}},"line":4},"1":{"name":"(anonymous_1)","decl":{"start":{"line":15,"column":21},"end":{"line":15,"column":22}},"loc":{"start":{"line":15,"column":43},"end":{"line":20,"column":1}},"line":15},"2":{"name":"(anonymous_2)","decl":{"start":{"line":22,"column":26},"end":{"line":22,"column":27}},"loc":{"start":{"line":22,"column":58},"end":{"line":26,"column":1}},"line":22},"3":{"name":"(anonymous_3)","decl":{"start":{"line":23,"column":78},"end":{"line":23,"column":79}},"loc":{"start":{"line":23,"column":91},"end":{"line":25,"column":2}},"line":23},"4":{"name":"(anonymous_4)","decl":{"start":{"line":24,"column":36},"end":{"line":24,"column":37}},"loc":{"start":{"line":24,"column":47},"end":{"line":24,"column":86}},"line":24},"5":{"name":"(anonymous_5)","decl":{"start":{"line":28,"column":21},"end":{"line":28,"column":22}},"loc":{"start":{"line":28,"column":35},"end":{"line":31,"column":1}},"line":28},"6":{"name":"(anonymous_6)","decl":{"start":{"line":33,"column":12},"end":{"line":33,"column":13}},"loc":{"start":{"line":33,"column":44},"end":{"line":39,"column":1}},"line":33}},"branchMap":{"0":{"loc":{"start":{"line":8,"column":1},"end":{"line":12,"column":2}},"type":"if","locations":[{"start":{"line":8,"column":1},"end":{"line":12,"column":2}},{"start":{"line":8,"column":1},"end":{"line":12,"column":2}}],"line":8}},"s":{"0":2,"1":2,"2":2,"3":0,"4":0,"5":0,"6":0,"7":0,"8":0,"9":2,"10":0,"11":0,"12":0,"13":0,"14":2,"15":0,"16":0,"17":0,"18":2,"19":1,"20":1,"21":2,"22":0,"23":0,"24":0,"25":0,"26":0,"27":2},"f":{"0":0,"1":0,"2":0,"3":0,"4":0,"5":1,"6":0},"b":{"0":[0,0]},"_coverageSchema":"1a1c01bbd47fc00a2c39e90264f33305004495a9","hash":"9f0325338dc822bebb31985f50655a0d2aaf0a3b"}
,"/Users/pedrogrand/Pedro/UANDES/Verificable/calendar-part-1-TGRaydas/src/js/main.js": {"path":"/Users/pedrogrand/Pedro/UANDES/Verificable/calendar-part-1-TGRaydas/src/js/main.js","statementMap":{"0":{"start":{"line":1,"column":19},"end":{"line":1,"column":20}},"1":{"start":{"line":3,"column":18},"end":{"line":3,"column":44}},"2":{"start":{"line":4,"column":12},"end":{"line":4,"column":43}},"3":{"start":{"line":5,"column":26},"end":{"line":5,"column":76}},"4":{"start":{"line":6,"column":27},"end":{"line":6,"column":79}},"5":{"start":{"line":7,"column":27},"end":{"line":7,"column":74}},"6":{"start":{"line":8,"column":25},"end":{"line":8,"column":74}},"7":{"start":{"line":9,"column":25},"end":{"line":9,"column":74}},"8":{"start":{"line":10,"column":26},"end":{"line":10,"column":77}},"9":{"start":{"line":11,"column":26},"end":{"line":11,"column":77}},"10":{"start":{"line":12,"column":14},"end":{"line":12,"column":45}},"11":{"start":{"line":13,"column":28},"end":{"line":13,"column":73}},"12":{"start":{"line":14,"column":28},"end":{"line":14,"column":73}},"13":{"start":{"line":15,"column":22},"end":{"line":15,"column":27}},"14":{"start":{"line":16,"column":13},"end":{"line":16,"column":18}},"15":{"start":{"line":17,"column":15},"end":{"line":20,"column":1}},"16":{"start":{"line":18,"column":1},"end":{"line":18,"column":35}},"17":{"start":{"line":19,"column":1},"end":{"line":19,"column":14}},"18":{"start":{"line":22,"column":29},"end":{"line":29,"column":1}},"19":{"start":{"line":23,"column":25},"end":{"line":23,"column":27}},"20":{"start":{"line":24,"column":1},"end":{"line":27,"column":4}},"21":{"start":{"line":25,"column":12},"end":{"line":25,"column":68}},"22":{"start":{"line":26,"column":2},"end":{"line":26,"column":30}},"23":{"start":{"line":28,"column":1},"end":{"line":28,"column":26}},"24":{"start":{"line":31,"column":24},"end":{"line":37,"column":1}},"25":{"start":{"line":32,"column":13},"end":{"line":32,"column":23}},"26":{"start":{"line":33,"column":1},"end":{"line":33,"column":44}},"27":{"start":{"line":34,"column":1},"end":{"line":36,"column":4}},"28":{"start":{"line":35,"column":2},"end":{"line":35,"column":67}},"29":{"start":{"line":39,"column":23},"end":{"line":84,"column":1}},"30":{"start":{"line":40,"column":18},"end":{"line":40,"column":43}},"31":{"start":{"line":41,"column":1},"end":{"line":46,"column":2}},"32":{"start":{"line":42,"column":2},"end":{"line":42,"column":27}},"33":{"start":{"line":43,"column":2},"end":{"line":43,"column":77}},"34":{"start":{"line":44,"column":2},"end":{"line":44,"column":81}},"35":{"start":{"line":45,"column":2},"end":{"line":45,"column":16}},"36":{"start":{"line":47,"column":1},"end":{"line":50,"column":4}},"37":{"start":{"line":48,"column":2},"end":{"line":48,"column":36}},"38":{"start":{"line":49,"column":2},"end":{"line":49,"column":16}},"39":{"start":{"line":51,"column":1},"end":{"line":51,"column":21}},"40":{"start":{"line":51,"column":14},"end":{"line":51,"column":21}},"41":{"start":{"line":52,"column":1},"end":{"line":67,"column":2}},"42":{"start":{"line":53,"column":2},"end":{"line":53,"column":31}},"43":{"start":{"line":54,"column":2},"end":{"line":54,"column":30}},"44":{"start":{"line":55,"column":2},"end":{"line":55,"column":49}},"45":{"start":{"line":56,"column":2},"end":{"line":56,"column":50}},"46":{"start":{"line":57,"column":2},"end":{"line":59,"column":5}},"47":{"start":{"line":58,"column":3},"end":{"line":58,"column":33}},"48":{"start":{"line":60,"column":2},"end":{"line":60,"column":108}},"49":{"start":{"line":60,"column":80},"end":{"line":60,"column":106}},"50":{"start":{"line":61,"column":2},"end":{"line":61,"column":108}},"51":{"start":{"line":61,"column":80},"end":{"line":61,"column":106}},"52":{"start":{"line":63,"column":2},"end":{"line":63,"column":110}},"53":{"start":{"line":63,"column":81},"end":{"line":63,"column":108}},"54":{"start":{"line":64,"column":2},"end":{"line":64,"column":110}},"55":{"start":{"line":64,"column":81},"end":{"line":64,"column":108}},"56":{"start":{"line":66,"column":2},"end":{"line":66,"column":37}},"57":{"start":{"line":69,"column":1},"end":{"line":72,"column":4}},"58":{"start":{"line":70,"column":2},"end":{"line":70,"column":19}},"59":{"start":{"line":71,"column":2},"end":{"line":71,"column":31}},"60":{"start":{"line":74,"column":1},"end":{"line":77,"column":4}},"61":{"start":{"line":75,"column":2},"end":{"line":75,"column":19}},"62":{"start":{"line":76,"column":2},"end":{"line":76,"column":30}},"63":{"start":{"line":79,"column":1},"end":{"line":83,"column":2}},"64":{"start":{"line":80,"column":2},"end":{"line":80,"column":31}},"65":{"start":{"line":82,"column":2},"end":{"line":82,"column":30}},"66":{"start":{"line":86,"column":0},"end":{"line":88,"column":2}}},"fnMap":{"0":{"name":"(anonymous_0)","decl":{"start":{"line":17,"column":15},"end":{"line":17,"column":16}},"loc":{"start":{"line":17,"column":21},"end":{"line":20,"column":1}},"line":17},"1":{"name":"(anonymous_1)","decl":{"start":{"line":22,"column":29},"end":{"line":22,"column":30}},"loc":{"start":{"line":22,"column":40},"end":{"line":29,"column":1}},"line":22},"2":{"name":"(anonymous_2)","decl":{"start":{"line":24,"column":11},"end":{"line":24,"column":12}},"loc":{"start":{"line":24,"column":21},"end":{"line":27,"column":2}},"line":24},"3":{"name":"(anonymous_3)","decl":{"start":{"line":31,"column":24},"end":{"line":31,"column":25}},"loc":{"start":{"line":31,"column":38},"end":{"line":37,"column":1}},"line":31},"4":{"name":"(anonymous_4)","decl":{"start":{"line":34,"column":35},"end":{"line":34,"column":36}},"loc":{"start":{"line":34,"column":44},"end":{"line":36,"column":2}},"line":34},"5":{"name":"(anonymous_5)","decl":{"start":{"line":39,"column":23},"end":{"line":39,"column":24}},"loc":{"start":{"line":39,"column":37},"end":{"line":84,"column":1}},"line":39},"6":{"name":"(anonymous_6)","decl":{"start":{"line":47,"column":76},"end":{"line":47,"column":77}},"loc":{"start":{"line":47,"column":82},"end":{"line":50,"column":2}},"line":47},"7":{"name":"(anonymous_7)","decl":{"start":{"line":57,"column":88},"end":{"line":57,"column":89}},"loc":{"start":{"line":57,"column":94},"end":{"line":59,"column":3}},"line":57},"8":{"name":"(anonymous_8)","decl":{"start":{"line":60,"column":74},"end":{"line":60,"column":75}},"loc":{"start":{"line":60,"column":80},"end":{"line":60,"column":106}},"line":60},"9":{"name":"(anonymous_9)","decl":{"start":{"line":61,"column":74},"end":{"line":61,"column":75}},"loc":{"start":{"line":61,"column":80},"end":{"line":61,"column":106}},"line":61},"10":{"name":"(anonymous_10)","decl":{"start":{"line":63,"column":75},"end":{"line":63,"column":76}},"loc":{"start":{"line":63,"column":81},"end":{"line":63,"column":108}},"line":63},"11":{"name":"(anonymous_11)","decl":{"start":{"line":64,"column":75},"end":{"line":64,"column":76}},"loc":{"start":{"line":64,"column":81},"end":{"line":64,"column":108}},"line":64},"12":{"name":"(anonymous_12)","decl":{"start":{"line":69,"column":84},"end":{"line":69,"column":85}},"loc":{"start":{"line":69,"column":90},"end":{"line":72,"column":2}},"line":69},"13":{"name":"(anonymous_13)","decl":{"start":{"line":74,"column":83},"end":{"line":74,"column":84}},"loc":{"start":{"line":74,"column":89},"end":{"line":77,"column":2}},"line":74}},"branchMap":{"0":{"loc":{"start":{"line":41,"column":1},"end":{"line":46,"column":2}},"type":"if","locations":[{"start":{"line":41,"column":1},"end":{"line":46,"column":2}},{"start":{"line":41,"column":1},"end":{"line":46,"column":2}}],"line":41},"1":{"loc":{"start":{"line":51,"column":1},"end":{"line":51,"column":21}},"type":"if","locations":[{"start":{"line":51,"column":1},"end":{"line":51,"column":21}},{"start":{"line":51,"column":1},"end":{"line":51,"column":21}}],"line":51},"2":{"loc":{"start":{"line":52,"column":1},"end":{"line":67,"column":2}},"type":"if","locations":[{"start":{"line":52,"column":1},"end":{"line":67,"column":2}},{"start":{"line":52,"column":1},"end":{"line":67,"column":2}}],"line":52},"3":{"loc":{"start":{"line":79,"column":1},"end":{"line":83,"column":2}},"type":"if","locations":[{"start":{"line":79,"column":1},"end":{"line":83,"column":2}},{"start":{"line":79,"column":1},"end":{"line":83,"column":2}}],"line":79}},"s":{"0":1,"1":1,"2":1,"3":1,"4":1,"5":1,"6":1,"7":1,"8":1,"9":1,"10":1,"11":1,"12":1,"13":1,"14":1,"15":1,"16":0,"17":0,"18":1,"19":1,"20":1,"21":2,"22":2,"23":1,"24":1,"25":0,"26":0,"27":0,"28":0,"29":1,"30":0,"31":0,"32":0,"33":0,"34":0,"35":0,"36":0,"37":0,"38":0,"39":0,"40":0,"41":0,"42":0,"43":0,"44":0,"45":0,"46":0,"47":0,"48":0,"49":0,"50":0,"51":0,"52":0,"53":0,"54":0,"55":0,"56":0,"57":0,"58":0,"59":0,"60":0,"61":0,"62":0,"63":0,"64":0,"65":0,"66":1},"f":{"0":0,"1":1,"2":2,"3":0,"4":0,"5":0,"6":0,"7":0,"8":0,"9":0,"10":0,"11":0,"12":0,"13":0},"b":{"0":[0,0],"1":[0,0],"2":[0,0],"3":[0,0]},"_coverageSchema":"1a1c01bbd47fc00a2c39e90264f33305004495a9","hash":"acfa0cd152bf721e829584bdfbdc314be5021bf3"}
,"/Users/pedrogrand/Pedro/UANDES/Verificable/calendar-part-1-TGRaydas/src/js/monthCalendar.js": {"path":"/Users/pedrogrand/Pedro/UANDES/Verificable/calendar-part-1-TGRaydas/src/js/monthCalendar.js","statementMap":{"0":{"start":{"line":1,"column":19},"end":{"line":1,"column":60}},"1":{"start":{"line":2,"column":18},"end":{"line":2,"column":58}},"2":{"start":{"line":3,"column":18},"end":{"line":3,"column":44}},"3":{"start":{"line":4,"column":22},"end":{"line":4,"column":52}},"4":{"start":{"line":6,"column":27},"end":{"line":6,"column":71}},"5":{"start":{"line":7,"column":35},"end":{"line":7,"column":87}},"6":{"start":{"line":9,"column":12},"end":{"line":9,"column":43}},"7":{"start":{"line":11,"column":13},"end":{"line":11,"column":15}},"8":{"start":{"line":12,"column":16},"end":{"line":14,"column":1}},"9":{"start":{"line":13,"column":1},"end":{"line":13,"column":37}},"10":{"start":{"line":16,"column":17},"end":{"line":21,"column":1}},"11":{"start":{"line":17,"column":1},"end":{"line":17,"column":72}},"12":{"start":{"line":18,"column":1},"end":{"line":18,"column":72}},"13":{"start":{"line":19,"column":1},"end":{"line":19,"column":70}},"14":{"start":{"line":20,"column":1},"end":{"line":20,"column":70}},"15":{"start":{"line":23,"column":20},"end":{"line":23,"column":21}},"16":{"start":{"line":24,"column":19},"end":{"line":24,"column":20}},"17":{"start":{"line":25,"column":18},"end":{"line":25,"column":20}},"18":{"start":{"line":27,"column":19},"end":{"line":30,"column":1}},"19":{"start":{"line":28,"column":12},"end":{"line":28,"column":124}},"20":{"start":{"line":29,"column":1},"end":{"line":29,"column":13}},"21":{"start":{"line":32,"column":25},"end":{"line":41,"column":1}},"22":{"start":{"line":33,"column":17},"end":{"line":33,"column":19}},"23":{"start":{"line":34,"column":26},"end":{"line":34,"column":61}},"24":{"start":{"line":35,"column":1},"end":{"line":39,"column":4}},"25":{"start":{"line":36,"column":2},"end":{"line":38,"column":3}},"26":{"start":{"line":37,"column":3},"end":{"line":37,"column":25}},"27":{"start":{"line":40,"column":1},"end":{"line":40,"column":18}},"28":{"start":{"line":43,"column":21},"end":{"line":51,"column":1}},"29":{"start":{"line":44,"column":12},"end":{"line":44,"column":36}},"30":{"start":{"line":45,"column":12},"end":{"line":45,"column":14}},"31":{"start":{"line":46,"column":1},"end":{"line":49,"column":2}},"32":{"start":{"line":47,"column":2},"end":{"line":47,"column":28}},"33":{"start":{"line":48,"column":2},"end":{"line":48,"column":35}},"34":{"start":{"line":50,"column":1},"end":{"line":50,"column":13}},"35":{"start":{"line":53,"column":19},"end":{"line":61,"column":1}},"36":{"start":{"line":54,"column":12},"end":{"line":59,"column":11}},"37":{"start":{"line":60,"column":1},"end":{"line":60,"column":13}},"38":{"start":{"line":65,"column":30},"end":{"line":90,"column":1}},"39":{"start":{"line":68,"column":28},"end":{"line":68,"column":58}},"40":{"start":{"line":69,"column":24},"end":{"line":69,"column":53}},"41":{"start":{"line":71,"column":1},"end":{"line":80,"column":2}},"42":{"start":{"line":72,"column":2},"end":{"line":72,"column":61}},"43":{"start":{"line":73,"column":8},"end":{"line":80,"column":2}},"44":{"start":{"line":74,"column":2},"end":{"line":74,"column":61}},"45":{"start":{"line":75,"column":2},"end":{"line":75,"column":54}},"46":{"start":{"line":76,"column":2},"end":{"line":76,"column":17}},"47":{"start":{"line":77,"column":8},"end":{"line":80,"column":2}},"48":{"start":{"line":78,"column":2},"end":{"line":78,"column":54}},"49":{"start":{"line":79,"column":2},"end":{"line":79,"column":17}},"50":{"start":{"line":81,"column":18},"end":{"line":81,"column":68}},"51":{"start":{"line":82,"column":22},"end":{"line":82,"column":24}},"52":{"start":{"line":83,"column":1},"end":{"line":85,"column":4}},"53":{"start":{"line":84,"column":2},"end":{"line":84,"column":47}},"54":{"start":{"line":86,"column":20},"end":{"line":86,"column":49}},"55":{"start":{"line":87,"column":12},"end":{"line":87,"column":114}},"56":{"start":{"line":89,"column":1},"end":{"line":89,"column":66}},"57":{"start":{"line":92,"column":28},"end":{"line":111,"column":1}},"58":{"start":{"line":93,"column":13},"end":{"line":93,"column":40}},"59":{"start":{"line":95,"column":17},"end":{"line":95,"column":61}},"60":{"start":{"line":97,"column":1},"end":{"line":97,"column":63}},"61":{"start":{"line":99,"column":1},"end":{"line":101,"column":2}},"62":{"start":{"line":99,"column":14},"end":{"line":99,"column":15}},"63":{"start":{"line":100,"column":2},"end":{"line":100,"column":68}},"64":{"start":{"line":103,"column":1},"end":{"line":108,"column":4}},"65":{"start":{"line":104,"column":16},"end":{"line":104,"column":45}},"66":{"start":{"line":105,"column":18},"end":{"line":105,"column":47}},"67":{"start":{"line":106,"column":16},"end":{"line":106,"column":30}},"68":{"start":{"line":107,"column":2},"end":{"line":107,"column":78}},"69":{"start":{"line":109,"column":1},"end":{"line":109,"column":30}},"70":{"start":{"line":110,"column":1},"end":{"line":110,"column":46}},"71":{"start":{"line":113,"column":20},"end":{"line":115,"column":1}},"72":{"start":{"line":114,"column":1},"end":{"line":114,"column":67}},"73":{"start":{"line":117,"column":24},"end":{"line":130,"column":1}},"74":{"start":{"line":118,"column":21},"end":{"line":118,"column":23}},"75":{"start":{"line":119,"column":1},"end":{"line":125,"column":2}},"76":{"start":{"line":120,"column":2},"end":{"line":120,"column":20}},"77":{"start":{"line":122,"column":2},"end":{"line":122,"column":17}},"78":{"start":{"line":124,"column":2},"end":{"line":124,"column":18}},"79":{"start":{"line":127,"column":1},"end":{"line":127,"column":73}},"80":{"start":{"line":129,"column":1},"end":{"line":129,"column":62}},"81":{"start":{"line":132,"column":24},"end":{"line":144,"column":1}},"82":{"start":{"line":133,"column":21},"end":{"line":133,"column":23}},"83":{"start":{"line":134,"column":1},"end":{"line":139,"column":2}},"84":{"start":{"line":135,"column":2},"end":{"line":135,"column":32}},"85":{"start":{"line":136,"column":2},"end":{"line":136,"column":17}},"86":{"start":{"line":138,"column":2},"end":{"line":138,"column":18}},"87":{"start":{"line":141,"column":1},"end":{"line":141,"column":87}},"88":{"start":{"line":143,"column":1},"end":{"line":143,"column":62}},"89":{"start":{"line":146,"column":25},"end":{"line":159,"column":1}},"90":{"start":{"line":147,"column":1},"end":{"line":147,"column":19}},"91":{"start":{"line":148,"column":1},"end":{"line":148,"column":22}},"92":{"start":{"line":149,"column":1},"end":{"line":149,"column":70}},"93":{"start":{"line":151,"column":13},"end":{"line":151,"column":23}},"94":{"start":{"line":152,"column":1},"end":{"line":152,"column":34}},"95":{"start":{"line":154,"column":1},"end":{"line":154,"column":36}},"96":{"start":{"line":155,"column":1},"end":{"line":155,"column":63}},"97":{"start":{"line":156,"column":1},"end":{"line":156,"column":76}},"98":{"start":{"line":158,"column":1},"end":{"line":158,"column":75}},"99":{"start":{"line":161,"column":0},"end":{"line":169,"column":2}}},"fnMap":{"0":{"name":"(anonymous_0)","decl":{"start":{"line":12,"column":16},"end":{"line":12,"column":17}},"loc":{"start":{"line":12,"column":22},"end":{"line":14,"column":1}},"line":12},"1":{"name":"(anonymous_1)","decl":{"start":{"line":16,"column":17},"end":{"line":16,"column":18}},"loc":{"start":{"line":16,"column":31},"end":{"line":21,"column":1}},"line":16},"2":{"name":"(anonymous_2)","decl":{"start":{"line":27,"column":19},"end":{"line":27,"column":20}},"loc":{"start":{"line":27,"column":37},"end":{"line":30,"column":1}},"line":27},"3":{"name":"(anonymous_3)","decl":{"start":{"line":32,"column":25},"end":{"line":32,"column":26}},"loc":{"start":{"line":32,"column":55},"end":{"line":41,"column":1}},"line":32},"4":{"name":"(anonymous_4)","decl":{"start":{"line":35,"column":12},"end":{"line":35,"column":13}},"loc":{"start":{"line":35,"column":23},"end":{"line":39,"column":2}},"line":35},"5":{"name":"(anonymous_5)","decl":{"start":{"line":43,"column":21},"end":{"line":43,"column":22}},"loc":{"start":{"line":43,"column":38},"end":{"line":51,"column":1}},"line":43},"6":{"name":"(anonymous_6)","decl":{"start":{"line":53,"column":19},"end":{"line":53,"column":20}},"loc":{"start":{"line":53,"column":109},"end":{"line":61,"column":1}},"line":53},"7":{"name":"(anonymous_7)","decl":{"start":{"line":65,"column":30},"end":{"line":65,"column":31}},"loc":{"start":{"line":65,"column":86},"end":{"line":90,"column":1}},"line":65},"8":{"name":"(anonymous_8)","decl":{"start":{"line":83,"column":16},"end":{"line":83,"column":17}},"loc":{"start":{"line":83,"column":34},"end":{"line":85,"column":2}},"line":83},"9":{"name":"(anonymous_9)","decl":{"start":{"line":92,"column":28},"end":{"line":92,"column":29}},"loc":{"start":{"line":92,"column":55},"end":{"line":111,"column":1}},"line":92},"10":{"name":"(anonymous_10)","decl":{"start":{"line":103,"column":11},"end":{"line":103,"column":12}},"loc":{"start":{"line":103,"column":21},"end":{"line":108,"column":2}},"line":103},"11":{"name":"(anonymous_11)","decl":{"start":{"line":113,"column":20},"end":{"line":113,"column":21}},"loc":{"start":{"line":113,"column":41},"end":{"line":115,"column":1}},"line":113},"12":{"name":"(anonymous_12)","decl":{"start":{"line":117,"column":24},"end":{"line":117,"column":25}},"loc":{"start":{"line":117,"column":38},"end":{"line":130,"column":1}},"line":117},"13":{"name":"(anonymous_13)","decl":{"start":{"line":132,"column":24},"end":{"line":132,"column":25}},"loc":{"start":{"line":132,"column":61},"end":{"line":144,"column":1}},"line":132},"14":{"name":"(anonymous_14)","decl":{"start":{"line":146,"column":25},"end":{"line":146,"column":26}},"loc":{"start":{"line":146,"column":45},"end":{"line":159,"column":1}},"line":146}},"branchMap":{"0":{"loc":{"start":{"line":36,"column":2},"end":{"line":38,"column":3}},"type":"if","locations":[{"start":{"line":36,"column":2},"end":{"line":38,"column":3}},{"start":{"line":36,"column":2},"end":{"line":38,"column":3}}],"line":36},"1":{"loc":{"start":{"line":71,"column":1},"end":{"line":80,"column":2}},"type":"if","locations":[{"start":{"line":71,"column":1},"end":{"line":80,"column":2}},{"start":{"line":71,"column":1},"end":{"line":80,"column":2}}],"line":71},"2":{"loc":{"start":{"line":71,"column":5},"end":{"line":71,"column":81}},"type":"binary-expr","locations":[{"start":{"line":71,"column":5},"end":{"line":71,"column":41}},{"start":{"line":71,"column":45},"end":{"line":71,"column":81}}],"line":71},"3":{"loc":{"start":{"line":73,"column":8},"end":{"line":80,"column":2}},"type":"if","locations":[{"start":{"line":73,"column":8},"end":{"line":80,"column":2}},{"start":{"line":73,"column":8},"end":{"line":80,"column":2}}],"line":73},"4":{"loc":{"start":{"line":77,"column":8},"end":{"line":80,"column":2}},"type":"if","locations":[{"start":{"line":77,"column":8},"end":{"line":80,"column":2}},{"start":{"line":77,"column":8},"end":{"line":80,"column":2}}],"line":77},"5":{"loc":{"start":{"line":119,"column":1},"end":{"line":125,"column":2}},"type":"if","locations":[{"start":{"line":119,"column":1},"end":{"line":125,"column":2}},{"start":{"line":119,"column":1},"end":{"line":125,"column":2}}],"line":119},"6":{"loc":{"start":{"line":134,"column":1},"end":{"line":139,"column":2}},"type":"if","locations":[{"start":{"line":134,"column":1},"end":{"line":139,"column":2}},{"start":{"line":134,"column":1},"end":{"line":139,"column":2}}],"line":134}},"s":{"0":2,"1":2,"2":2,"3":2,"4":2,"5":2,"6":2,"7":2,"8":2,"9":0,"10":2,"11":0,"12":0,"13":0,"14":0,"15":2,"16":2,"17":2,"18":2,"19":1,"20":1,"21":2,"22":1,"23":1,"24":1,"25":2,"26":1,"27":1,"28":2,"29":1,"30":1,"31":1,"32":31,"33":31,"34":1,"35":2,"36":1,"37":1,"38":2,"39":0,"40":0,"41":0,"42":0,"43":0,"44":0,"45":0,"46":0,"47":0,"48":0,"49":0,"50":0,"51":0,"52":0,"53":0,"54":0,"55":0,"56":0,"57":2,"58":0,"59":0,"60":0,"61":0,"62":0,"63":0,"64":0,"65":0,"66":0,"67":0,"68":0,"69":0,"70":0,"71":2,"72":0,"73":2,"74":0,"75":0,"76":0,"77":0,"78":0,"79":0,"80":0,"81":2,"82":0,"83":0,"84":0,"85":0,"86":0,"87":0,"88":0,"89":2,"90":0,"91":0,"92":0,"93":0,"94":0,"95":0,"96":0,"97":0,"98":0,"99":2},"f":{"0":0,"1":0,"2":1,"3":1,"4":2,"5":1,"6":1,"7":0,"8":0,"9":0,"10":0,"11":0,"12":0,"13":0,"14":0},"b":{"0":[1,1],"1":[0,0],"2":[0,0],"3":[0,0],"4":[0,0],"5":[0,0],"6":[0,0]},"_coverageSchema":"1a1c01bbd47fc00a2c39e90264f33305004495a9","hash":"0522158854338c922306173088fdf2899fdd5f99"}
,"/Users/pedrogrand/Pedro/UANDES/Verificable/calendar-part-1-TGRaydas/src/js/viewConst.js": {"path":"/Users/pedrogrand/Pedro/UANDES/Verificable/calendar-part-1-TGRaydas/src/js/viewConst.js","statementMap":{"0":{"start":{"line":1,"column":16},"end":{"line":1,"column":29}},"1":{"start":{"line":2,"column":25},"end":{"line":2,"column":37}},"2":{"start":{"line":3,"column":26},"end":{"line":3,"column":39}},"3":{"start":{"line":4,"column":32},"end":{"line":4,"column":51}},"4":{"start":{"line":5,"column":21},"end":{"line":5,"column":36}},"5":{"start":{"line":6,"column":27},"end":{"line":6,"column":48}},"6":{"start":{"line":7,"column":21},"end":{"line":7,"column":33}},"7":{"start":{"line":8,"column":20},"end":{"line":8,"column":26}},"8":{"start":{"line":9,"column":20},"end":{"line":9,"column":26}},"9":{"start":{"line":10,"column":19},"end":{"line":10,"column":30}},"10":{"start":{"line":11,"column":19},"end":{"line":11,"column":30}},"11":{"start":{"line":12,"column":15},"end":{"line":12,"column":27}},"12":{"start":{"line":13,"column":16},"end":{"line":13,"column":29}},"13":{"start":{"line":14,"column":16},"end":{"line":14,"column":26}},"14":{"start":{"line":15,"column":20},"end":{"line":15,"column":27}},"15":{"start":{"line":16,"column":20},"end":{"line":16,"column":40}},"16":{"start":{"line":17,"column":25},"end":{"line":17,"column":43}},"17":{"start":{"line":18,"column":23},"end":{"line":18,"column":39}},"18":{"start":{"line":19,"column":29},"end":{"line":19,"column":39}},"19":{"start":{"line":20,"column":28},"end":{"line":20,"column":40}},"20":{"start":{"line":21,"column":38},"end":{"line":21,"column":50}},"21":{"start":{"line":22,"column":27},"end":{"line":22,"column":50}},"22":{"start":{"line":23,"column":20},"end":{"line":23,"column":34}},"23":{"start":{"line":24,"column":26},"end":{"line":24,"column":47}},"24":{"start":{"line":25,"column":28},"end":{"line":25,"column":51}},"25":{"start":{"line":26,"column":26},"end":{"line":26,"column":47}},"26":{"start":{"line":27,"column":25},"end":{"line":27,"column":45}},"27":{"start":{"line":28,"column":26},"end":{"line":28,"column":47}},"28":{"start":{"line":29,"column":23},"end":{"line":29,"column":41}},"29":{"start":{"line":30,"column":24},"end":{"line":30,"column":43}},"30":{"start":{"line":31,"column":23},"end":{"line":31,"column":41}},"31":{"start":{"line":32,"column":30},"end":{"line":32,"column":39}},"32":{"start":{"line":33,"column":29},"end":{"line":33,"column":37}},"33":{"start":{"line":34,"column":21},"end":{"line":34,"column":50}},"34":{"start":{"line":35,"column":26},"end":{"line":35,"column":71}},"35":{"start":{"line":36,"column":26},"end":{"line":36,"column":56}},"36":{"start":{"line":37,"column":24},"end":{"line":37,"column":34}},"37":{"start":{"line":38,"column":28},"end":{"line":38,"column":48}},"38":{"start":{"line":39,"column":22},"end":{"line":39,"column":30}},"39":{"start":{"line":40,"column":25},"end":{"line":40,"column":42}},"40":{"start":{"line":41,"column":20},"end":{"line":41,"column":27}},"41":{"start":{"line":42,"column":26},"end":{"line":42,"column":39}},"42":{"start":{"line":43,"column":19},"end":{"line":43,"column":32}},"43":{"start":{"line":44,"column":33},"end":{"line":44,"column":53}},"44":{"start":{"line":45,"column":21},"end":{"line":45,"column":31}},"45":{"start":{"line":46,"column":23},"end":{"line":46,"column":40}},"46":{"start":{"line":47,"column":28},"end":{"line":47,"column":42}},"47":{"start":{"line":48,"column":26},"end":{"line":48,"column":41}},"48":{"start":{"line":49,"column":21},"end":{"line":58,"column":1}},"49":{"start":{"line":60,"column":0},"end":{"line":101,"column":2}}},"fnMap":{},"branchMap":{},"s":{"0":5,"1":5,"2":5,"3":5,"4":5,"5":5,"6":5,"7":5,"8":5,"9":5,"10":5,"11":5,"12":5,"13":5,"14":5,"15":5,"16":5,"17":5,"18":5,"19":5,"20":5,"21":5,"22":5,"23":5,"24":5,"25":5,"26":5,"27":5,"28":5,"29":5,"30":5,"31":5,"32":5,"33":5,"34":5,"35":5,"36":5,"37":5,"38":5,"39":5,"40":5,"41":5,"42":5,"43":5,"44":5,"45":5,"46":5,"47":5,"48":5,"49":5},"f":{},"b":{},"_coverageSchema":"1a1c01bbd47fc00a2c39e90264f33305004495a9","hash":"8fa17ae19b4acc5d3472ff41e99a2e14a0211354"}
,"/Users/pedrogrand/Pedro/UANDES/Verificable/calendar-part-1-TGRaydas/src/js/weekCalendar.js": {"path":"/Users/pedrogrand/Pedro/UANDES/Verificable/calendar-part-1-TGRaydas/src/js/weekCalendar.js","statementMap":{"0":{"start":{"line":1,"column":18},"end":{"line":1,"column":44}},"1":{"start":{"line":2,"column":22},"end":{"line":2,"column":52}},"2":{"start":{"line":3,"column":27},"end":{"line":3,"column":71}},"3":{"start":{"line":4,"column":35},"end":{"line":4,"column":87}},"4":{"start":{"line":5,"column":12},"end":{"line":5,"column":43}},"5":{"start":{"line":7,"column":19},"end":{"line":7,"column":23}},"6":{"start":{"line":8,"column":20},"end":{"line":8,"column":24}},"7":{"start":{"line":9,"column":13},"end":{"line":9,"column":15}},"8":{"start":{"line":10,"column":20},"end":{"line":10,"column":21}},"9":{"start":{"line":11,"column":19},"end":{"line":11,"column":20}},"10":{"start":{"line":12,"column":17},"end":{"line":17,"column":1}},"11":{"start":{"line":13,"column":1},"end":{"line":13,"column":71}},"12":{"start":{"line":14,"column":1},"end":{"line":14,"column":71}},"13":{"start":{"line":15,"column":1},"end":{"line":15,"column":71}},"14":{"start":{"line":16,"column":1},"end":{"line":16,"column":71}},"15":{"start":{"line":19,"column":16},"end":{"line":21,"column":1}},"16":{"start":{"line":20,"column":1},"end":{"line":20,"column":37}},"17":{"start":{"line":23,"column":28},"end":{"line":37,"column":1}},"18":{"start":{"line":24,"column":18},"end":{"line":24,"column":20}},"19":{"start":{"line":26,"column":1},"end":{"line":35,"column":4}},"20":{"start":{"line":27,"column":2},"end":{"line":29,"column":3}},"21":{"start":{"line":28,"column":3},"end":{"line":28,"column":10}},"22":{"start":{"line":30,"column":2},"end":{"line":34,"column":3}},"23":{"start":{"line":31,"column":3},"end":{"line":31,"column":26}},"24":{"start":{"line":32,"column":9},"end":{"line":34,"column":3}},"25":{"start":{"line":33,"column":3},"end":{"line":33,"column":26}},"26":{"start":{"line":36,"column":1},"end":{"line":36,"column":19}},"27":{"start":{"line":39,"column":20},"end":{"line":41,"column":1}},"28":{"start":{"line":40,"column":1},"end":{"line":40,"column":67}},"29":{"start":{"line":43,"column":20},"end":{"line":65,"column":1}},"30":{"start":{"line":44,"column":13},"end":{"line":44,"column":29}},"31":{"start":{"line":45,"column":12},"end":{"line":45,"column":21}},"32":{"start":{"line":46,"column":13},"end":{"line":46,"column":15}},"33":{"start":{"line":47,"column":22},"end":{"line":47,"column":23}},"34":{"start":{"line":48,"column":27},"end":{"line":48,"column":29}},"35":{"start":{"line":49,"column":1},"end":{"line":63,"column":2}},"36":{"start":{"line":49,"column":16},"end":{"line":49,"column":21}},"37":{"start":{"line":50,"column":13},"end":{"line":50,"column":53}},"38":{"start":{"line":51,"column":20},"end":{"line":51,"column":47}},"39":{"start":{"line":52,"column":2},"end":{"line":61,"column":3}},"40":{"start":{"line":53,"column":25},"end":{"line":53,"column":56}},"41":{"start":{"line":54,"column":3},"end":{"line":54,"column":97}},"42":{"start":{"line":55,"column":9},"end":{"line":61,"column":3}},"43":{"start":{"line":56,"column":3},"end":{"line":56,"column":66}},"44":{"start":{"line":57,"column":3},"end":{"line":57,"column":23}},"45":{"start":{"line":58,"column":9},"end":{"line":61,"column":3}},"46":{"start":{"line":59,"column":3},"end":{"line":59,"column":105}},"47":{"start":{"line":60,"column":3},"end":{"line":60,"column":28}},"48":{"start":{"line":62,"column":2},"end":{"line":62,"column":58}},"49":{"start":{"line":64,"column":1},"end":{"line":64,"column":14}},"50":{"start":{"line":67,"column":29},"end":{"line":70,"column":1}},"51":{"start":{"line":68,"column":12},"end":{"line":68,"column":92}},"52":{"start":{"line":69,"column":1},"end":{"line":69,"column":66}},"53":{"start":{"line":72,"column":30},"end":{"line":80,"column":1}},"54":{"start":{"line":73,"column":1},"end":{"line":73,"column":70}},"55":{"start":{"line":74,"column":1},"end":{"line":79,"column":2}},"56":{"start":{"line":74,"column":17},"end":{"line":74,"column":18}},"57":{"start":{"line":75,"column":13},"end":{"line":77,"column":22}},"58":{"start":{"line":78,"column":2},"end":{"line":78,"column":74}},"59":{"start":{"line":82,"column":19},"end":{"line":88,"column":1}},"60":{"start":{"line":83,"column":12},"end":{"line":86,"column":12}},"61":{"start":{"line":87,"column":1},"end":{"line":87,"column":13}},"62":{"start":{"line":90,"column":27},"end":{"line":134,"column":1}},"63":{"start":{"line":91,"column":1},"end":{"line":91,"column":13}},"64":{"start":{"line":92,"column":1},"end":{"line":92,"column":63}},"65":{"start":{"line":93,"column":1},"end":{"line":93,"column":87}},"66":{"start":{"line":94,"column":1},"end":{"line":94,"column":35}},"67":{"start":{"line":95,"column":17},"end":{"line":95,"column":43}},"68":{"start":{"line":96,"column":1},"end":{"line":98,"column":2}},"69":{"start":{"line":96,"column":16},"end":{"line":96,"column":17}},"70":{"start":{"line":97,"column":2},"end":{"line":97,"column":84}},"71":{"start":{"line":99,"column":19},"end":{"line":99,"column":113}},"72":{"start":{"line":100,"column":12},"end":{"line":100,"column":13}},"73":{"start":{"line":101,"column":15},"end":{"line":101,"column":40}},"74":{"start":{"line":102,"column":17},"end":{"line":102,"column":44}},"75":{"start":{"line":103,"column":1},"end":{"line":131,"column":2}},"76":{"start":{"line":103,"column":16},"end":{"line":103,"column":17}},"77":{"start":{"line":104,"column":21},"end":{"line":104,"column":87}},"78":{"start":{"line":105,"column":14},"end":{"line":105,"column":43}},"79":{"start":{"line":106,"column":16},"end":{"line":106,"column":18}},"80":{"start":{"line":108,"column":2},"end":{"line":110,"column":3}},"81":{"start":{"line":109,"column":3},"end":{"line":109,"column":36}},"82":{"start":{"line":112,"column":2},"end":{"line":114,"column":3}},"83":{"start":{"line":113,"column":3},"end":{"line":113,"column":45}},"84":{"start":{"line":115,"column":20},"end":{"line":115,"column":72}},"85":{"start":{"line":116,"column":22},"end":{"line":116,"column":24}},"86":{"start":{"line":117,"column":2},"end":{"line":119,"column":5}},"87":{"start":{"line":118,"column":3},"end":{"line":118,"column":47}},"88":{"start":{"line":120,"column":2},"end":{"line":122,"column":3}},"89":{"start":{"line":121,"column":3},"end":{"line":121,"column":43}},"90":{"start":{"line":123,"column":2},"end":{"line":123,"column":66}},"91":{"start":{"line":124,"column":2},"end":{"line":124,"column":15}},"92":{"start":{"line":125,"column":2},"end":{"line":127,"column":3}},"93":{"start":{"line":126,"column":3},"end":{"line":126,"column":39}},"94":{"start":{"line":128,"column":2},"end":{"line":130,"column":3}},"95":{"start":{"line":129,"column":3},"end":{"line":129,"column":10}},"96":{"start":{"line":132,"column":1},"end":{"line":132,"column":30}},"97":{"start":{"line":133,"column":1},"end":{"line":133,"column":46}},"98":{"start":{"line":136,"column":21},"end":{"line":144,"column":1}},"99":{"start":{"line":137,"column":12},"end":{"line":137,"column":36}},"100":{"start":{"line":138,"column":12},"end":{"line":138,"column":14}},"101":{"start":{"line":139,"column":1},"end":{"line":142,"column":2}},"102":{"start":{"line":140,"column":2},"end":{"line":140,"column":28}},"103":{"start":{"line":141,"column":2},"end":{"line":141,"column":35}},"104":{"start":{"line":143,"column":1},"end":{"line":143,"column":13}},"105":{"start":{"line":146,"column":23},"end":{"line":160,"column":1}},"106":{"start":{"line":147,"column":1},"end":{"line":147,"column":26}},"107":{"start":{"line":148,"column":1},"end":{"line":148,"column":19}},"108":{"start":{"line":149,"column":19},"end":{"line":149,"column":62}},"109":{"start":{"line":150,"column":20},"end":{"line":150,"column":61}},"110":{"start":{"line":151,"column":1},"end":{"line":158,"column":2}},"111":{"start":{"line":152,"column":2},"end":{"line":152,"column":21}},"112":{"start":{"line":153,"column":2},"end":{"line":156,"column":3}},"113":{"start":{"line":154,"column":3},"end":{"line":154,"column":21}},"114":{"start":{"line":155,"column":3},"end":{"line":155,"column":21}},"115":{"start":{"line":157,"column":2},"end":{"line":157,"column":45}},"116":{"start":{"line":159,"column":1},"end":{"line":159,"column":61}},"117":{"start":{"line":161,"column":23},"end":{"line":177,"column":1}},"118":{"start":{"line":162,"column":1},"end":{"line":162,"column":26}},"119":{"start":{"line":163,"column":1},"end":{"line":163,"column":19}},"120":{"start":{"line":164,"column":19},"end":{"line":164,"column":62}},"121":{"start":{"line":165,"column":20},"end":{"line":165,"column":61}},"122":{"start":{"line":166,"column":21},"end":{"line":166,"column":22}},"123":{"start":{"line":167,"column":1},"end":{"line":175,"column":2}},"124":{"start":{"line":168,"column":2},"end":{"line":168,"column":21}},"125":{"start":{"line":169,"column":2},"end":{"line":172,"column":3}},"126":{"start":{"line":170,"column":3},"end":{"line":170,"column":21}},"127":{"start":{"line":171,"column":3},"end":{"line":171,"column":22}},"128":{"start":{"line":173,"column":22},"end":{"line":173,"column":65}},"129":{"start":{"line":174,"column":2},"end":{"line":174,"column":82}},"130":{"start":{"line":176,"column":1},"end":{"line":176,"column":61}},"131":{"start":{"line":179,"column":24},"end":{"line":188,"column":1}},"132":{"start":{"line":180,"column":1},"end":{"line":180,"column":22}},"133":{"start":{"line":181,"column":13},"end":{"line":181,"column":23}},"134":{"start":{"line":182,"column":1},"end":{"line":182,"column":32}},"135":{"start":{"line":183,"column":1},"end":{"line":183,"column":32}},"136":{"start":{"line":184,"column":1},"end":{"line":184,"column":45}},"137":{"start":{"line":185,"column":1},"end":{"line":185,"column":34}},"138":{"start":{"line":186,"column":1},"end":{"line":186,"column":36}},"139":{"start":{"line":187,"column":1},"end":{"line":187,"column":61}},"140":{"start":{"line":190,"column":0},"end":{"line":198,"column":2}}},"fnMap":{"0":{"name":"(anonymous_0)","decl":{"start":{"line":12,"column":17},"end":{"line":12,"column":18}},"loc":{"start":{"line":12,"column":31},"end":{"line":17,"column":1}},"line":12},"1":{"name":"(anonymous_1)","decl":{"start":{"line":19,"column":16},"end":{"line":19,"column":17}},"loc":{"start":{"line":19,"column":22},"end":{"line":21,"column":1}},"line":19},"2":{"name":"(anonymous_2)","decl":{"start":{"line":23,"column":28},"end":{"line":23,"column":29}},"loc":{"start":{"line":23,"column":72},"end":{"line":37,"column":1}},"line":23},"3":{"name":"(anonymous_3)","decl":{"start":{"line":26,"column":12},"end":{"line":26,"column":13}},"loc":{"start":{"line":26,"column":23},"end":{"line":35,"column":2}},"line":26},"4":{"name":"(anonymous_4)","decl":{"start":{"line":39,"column":20},"end":{"line":39,"column":21}},"loc":{"start":{"line":39,"column":41},"end":{"line":41,"column":1}},"line":39},"5":{"name":"(anonymous_5)","decl":{"start":{"line":43,"column":20},"end":{"line":43,"column":21}},"loc":{"start":{"line":43,"column":37},"end":{"line":65,"column":1}},"line":43},"6":{"name":"(anonymous_6)","decl":{"start":{"line":67,"column":29},"end":{"line":67,"column":30}},"loc":{"start":{"line":67,"column":64},"end":{"line":70,"column":1}},"line":67},"7":{"name":"(anonymous_7)","decl":{"start":{"line":72,"column":30},"end":{"line":72,"column":31}},"loc":{"start":{"line":72,"column":44},"end":{"line":80,"column":1}},"line":72},"8":{"name":"(anonymous_8)","decl":{"start":{"line":82,"column":19},"end":{"line":82,"column":20}},"loc":{"start":{"line":82,"column":37},"end":{"line":88,"column":1}},"line":82},"9":{"name":"(anonymous_9)","decl":{"start":{"line":90,"column":27},"end":{"line":90,"column":28}},"loc":{"start":{"line":90,"column":54},"end":{"line":134,"column":1}},"line":90},"10":{"name":"(anonymous_10)","decl":{"start":{"line":117,"column":18},"end":{"line":117,"column":19}},"loc":{"start":{"line":117,"column":36},"end":{"line":119,"column":3}},"line":117},"11":{"name":"(anonymous_11)","decl":{"start":{"line":136,"column":21},"end":{"line":136,"column":22}},"loc":{"start":{"line":136,"column":38},"end":{"line":144,"column":1}},"line":136},"12":{"name":"(anonymous_12)","decl":{"start":{"line":146,"column":23},"end":{"line":146,"column":24}},"loc":{"start":{"line":146,"column":37},"end":{"line":160,"column":1}},"line":146},"13":{"name":"(anonymous_13)","decl":{"start":{"line":161,"column":23},"end":{"line":161,"column":24}},"loc":{"start":{"line":161,"column":37},"end":{"line":177,"column":1}},"line":161},"14":{"name":"(anonymous_14)","decl":{"start":{"line":179,"column":24},"end":{"line":179,"column":25}},"loc":{"start":{"line":179,"column":38},"end":{"line":188,"column":1}},"line":179}},"branchMap":{"0":{"loc":{"start":{"line":27,"column":2},"end":{"line":29,"column":3}},"type":"if","locations":[{"start":{"line":27,"column":2},"end":{"line":29,"column":3}},{"start":{"line":27,"column":2},"end":{"line":29,"column":3}}],"line":27},"1":{"loc":{"start":{"line":30,"column":2},"end":{"line":34,"column":3}},"type":"if","locations":[{"start":{"line":30,"column":2},"end":{"line":34,"column":3}},{"start":{"line":30,"column":2},"end":{"line":34,"column":3}}],"line":30},"2":{"loc":{"start":{"line":30,"column":6},"end":{"line":30,"column":110}},"type":"binary-expr","locations":[{"start":{"line":30,"column":6},"end":{"line":30,"column":58}},{"start":{"line":30,"column":62},"end":{"line":30,"column":110}}],"line":30},"3":{"loc":{"start":{"line":32,"column":9},"end":{"line":34,"column":3}},"type":"if","locations":[{"start":{"line":32,"column":9},"end":{"line":34,"column":3}},{"start":{"line":32,"column":9},"end":{"line":34,"column":3}}],"line":32},"4":{"loc":{"start":{"line":32,"column":13},"end":{"line":32,"column":115}},"type":"binary-expr","locations":[{"start":{"line":32,"column":13},"end":{"line":32,"column":63}},{"start":{"line":32,"column":67},"end":{"line":32,"column":115}}],"line":32},"5":{"loc":{"start":{"line":52,"column":2},"end":{"line":61,"column":3}},"type":"if","locations":[{"start":{"line":52,"column":2},"end":{"line":61,"column":3}},{"start":{"line":52,"column":2},"end":{"line":61,"column":3}}],"line":52},"6":{"loc":{"start":{"line":55,"column":9},"end":{"line":61,"column":3}},"type":"if","locations":[{"start":{"line":55,"column":9},"end":{"line":61,"column":3}},{"start":{"line":55,"column":9},"end":{"line":61,"column":3}}],"line":55},"7":{"loc":{"start":{"line":58,"column":9},"end":{"line":61,"column":3}},"type":"if","locations":[{"start":{"line":58,"column":9},"end":{"line":61,"column":3}},{"start":{"line":58,"column":9},"end":{"line":61,"column":3}}],"line":58},"8":{"loc":{"start":{"line":108,"column":2},"end":{"line":110,"column":3}},"type":"if","locations":[{"start":{"line":108,"column":2},"end":{"line":110,"column":3}},{"start":{"line":108,"column":2},"end":{"line":110,"column":3}}],"line":108},"9":{"loc":{"start":{"line":112,"column":2},"end":{"line":114,"column":3}},"type":"if","locations":[{"start":{"line":112,"column":2},"end":{"line":114,"column":3}},{"start":{"line":112,"column":2},"end":{"line":114,"column":3}}],"line":112},"10":{"loc":{"start":{"line":120,"column":2},"end":{"line":122,"column":3}},"type":"if","locations":[{"start":{"line":120,"column":2},"end":{"line":122,"column":3}},{"start":{"line":120,"column":2},"end":{"line":122,"column":3}}],"line":120},"11":{"loc":{"start":{"line":125,"column":2},"end":{"line":127,"column":3}},"type":"if","locations":[{"start":{"line":125,"column":2},"end":{"line":127,"column":3}},{"start":{"line":125,"column":2},"end":{"line":127,"column":3}}],"line":125},"12":{"loc":{"start":{"line":128,"column":2},"end":{"line":130,"column":3}},"type":"if","locations":[{"start":{"line":128,"column":2},"end":{"line":130,"column":3}},{"start":{"line":128,"column":2},"end":{"line":130,"column":3}}],"line":128},"13":{"loc":{"start":{"line":128,"column":6},"end":{"line":128,"column":30}},"type":"binary-expr","locations":[{"start":{"line":128,"column":6},"end":{"line":128,"column":18}},{"start":{"line":128,"column":22},"end":{"line":128,"column":30}}],"line":128},"14":{"loc":{"start":{"line":151,"column":1},"end":{"line":158,"column":2}},"type":"if","locations":[{"start":{"line":151,"column":1},"end":{"line":158,"column":2}},{"start":{"line":151,"column":1},"end":{"line":158,"column":2}}],"line":151},"15":{"loc":{"start":{"line":153,"column":2},"end":{"line":156,"column":3}},"type":"if","locations":[{"start":{"line":153,"column":2},"end":{"line":156,"column":3}},{"start":{"line":153,"column":2},"end":{"line":156,"column":3}}],"line":153},"16":{"loc":{"start":{"line":167,"column":1},"end":{"line":175,"column":2}},"type":"if","locations":[{"start":{"line":167,"column":1},"end":{"line":175,"column":2}},{"start":{"line":167,"column":1},"end":{"line":175,"column":2}}],"line":167},"17":{"loc":{"start":{"line":169,"column":2},"end":{"line":172,"column":3}},"type":"if","locations":[{"start":{"line":169,"column":2},"end":{"line":172,"column":3}},{"start":{"line":169,"column":2},"end":{"line":172,"column":3}}],"line":169}},"s":{"0":2,"1":2,"2":2,"3":2,"4":2,"5":2,"6":2,"7":2,"8":2,"9":2,"10":2,"11":0,"12":0,"13":0,"14":0,"15":2,"16":0,"17":2,"18":1,"19":1,"20":1,"21":0,"22":1,"23":1,"24":0,"25":0,"26":1,"27":2,"28":0,"29":2,"30":1,"31":1,"32":1,"33":1,"34":1,"35":1,"36":1,"37":7,"38":7,"39":7,"40":0,"41":0,"42":7,"43":0,"44":0,"45":7,"46":0,"47":0,"48":7,"49":1,"50":2,"51":0,"52":0,"53":2,"54":0,"55":0,"56":0,"57":0,"58":0,"59":2,"60":1,"61":1,"62":2,"63":0,"64":0,"65":0,"66":0,"67":0,"68":0,"69":0,"70":0,"71":0,"72":0,"73":0,"74":0,"75":0,"76":0,"77":0,"78":0,"79":0,"80":0,"81":0,"82":0,"83":0,"84":0,"85":0,"86":0,"87":0,"88":0,"89":0,"90":0,"91":0,"92":0,"93":0,"94":0,"95":0,"96":0,"97":0,"98":2,"99":8,"100":8,"101":8,"102":248,"103":248,"104":8,"105":2,"106":0,"107":0,"108":0,"109":0,"110":0,"111":0,"112":0,"113":0,"114":0,"115":0,"116":0,"117":2,"118":0,"119":0,"120":0,"121":0,"122":0,"123":0,"124":0,"125":0,"126":0,"127":0,"128":0,"129":0,"130":0,"131":2,"132":0,"133":0,"134":0,"135":0,"136":0,"137":0,"138":0,"139":0,"140":2},"f":{"0":0,"1":0,"2":1,"3":1,"4":0,"5":1,"6":0,"7":0,"8":1,"9":0,"10":0,"11":8,"12":0,"13":0,"14":0},"b":{"0":[0,1],"1":[1,0],"2":[1,1],"3":[0,0],"4":[0,0],"5":[0,7],"6":[0,7],"7":[0,7],"8":[0,0],"9":[0,0],"10":[0,0],"11":[0,0],"12":[0,0],"13":[0,0],"14":[0,0],"15":[0,0],"16":[0,0],"17":[0,0]},"_coverageSchema":"1a1c01bbd47fc00a2c39e90264f33305004495a9","hash":"847082e05fe386d495f07756a08106d3af2b49bb"}
}
